android/app/build/intermediates/manifest_merge_blame_file/release/manifest-merger-blame-release-report.txt
1<?xml version="1.0" encoding="utf-8"?>
2<manifest xmlns:android="http://schemas.android.com/apk/res/android"
3    package="com.phoneapp"
4    android:versionCode="1"
5    android:versionName="1.0" >
6
7    <uses-sdk
8        android:minSdkVersion="21"
8-->src\main\AndroidManifest.xml
9        android:targetSdkVersion="33" />
9-->src\main\AndroidManifest.xml
10
11    <uses-permission android:name="android.permission.INTERNET" />
11-->src\main\AndroidManifest.xml:4:5-67
11-->src\main\AndroidManifest.xml:4:22-64
12    <uses-permission android:name="android.permission.ACCESS_NETWORK_STATE" />
12-->src\main\AndroidManifest.xml:5:5-79
12-->src\main\AndroidManifest.xml:5:22-76
13    <uses-permission android:name="android.permission.ACCESS_FINE_LOCATION" />
13-->src\main\AndroidManifest.xml:6:5-79
13-->src\main\AndroidManifest.xml:6:22-76
14    <uses-permission android:name="android.permission.ACCESS_COARSE_LOCATION" />
14-->src\main\AndroidManifest.xml:7:5-81
14-->src\main\AndroidManifest.xml:7:22-78
15    <uses-permission android:name="android.permission.WAKE_LOCK" />
15-->[:react-native-firebase_auth] AndroidManifest.xml:10:5-68
15-->[:react-native-firebase_auth] AndroidManifest.xml:10:22-65
16    <uses-permission android:name="android.permission.RECEIVE_BOOT_COMPLETED" />
16-->[androidx.work:work-runtime:2.7.1] AndroidManifest.xml:27:5-81
16-->[androidx.work:work-runtime:2.7.1] AndroidManifest.xml:27:22-78
17    <uses-permission android:name="android.permission.FOREGROUND_SERVICE" />
17-->[androidx.work:work-runtime:2.7.1] AndroidManifest.xml:28:5-77
17-->[androidx.work:work-runtime:2.7.1] AndroidManifest.xml:28:22-74
18    <uses-permission android:name="android.permission.ACCESS_WIFI_STATE" />
18-->[:react-native-community_netinfo] AndroidManifest.xml:10:5-76
18-->[:react-native-community_netinfo] AndroidManifest.xml:10:22-73
19    <uses-permission android:name="android.permission.POST_NOTIFICATIONS" />
19-->[app.notifee:core:202108261754] AndroidManifest.xml:9:5-77
19-->[app.notifee:core:202108261754] AndroidManifest.xml:9:22-74
20    <uses-permission android:name="android.permission.VIBRATE" />
20-->[app.notifee:core:202108261754] AndroidManifest.xml:13:5-66
20-->[app.notifee:core:202108261754] AndroidManifest.xml:13:22-63
21    <uses-permission android:name="android.permission.USE_FULL_SCREEN_INTENT" />
21-->[app.notifee:core:202108261754] AndroidManifest.xml:16:5-81
21-->[app.notifee:core:202108261754] AndroidManifest.xml:16:22-78
22    <uses-permission android:name="android.permission.SCHEDULE_EXACT_ALARM" />
22-->[app.notifee:core:202108261754] AndroidManifest.xml:17:5-79
22-->[app.notifee:core:202108261754] AndroidManifest.xml:17:22-76
23    <uses-permission
23-->[app.notifee:core:202108261754] AndroidManifest.xml:18:5-20:38
24        android:name="android.permission.BROADCAST_CLOSE_SYSTEM_DIALOGS"
24-->[app.notifee:core:202108261754] AndroidManifest.xml:19:9-73
25        android:maxSdkVersion="30" /> <!-- For Xiaomi devices to enable heads-up notifications as default (https://github.com/invertase/notifee/issues/296) -->
25-->[app.notifee:core:202108261754] AndroidManifest.xml:20:9-35
26    <uses-permission
26-->[app.notifee:core:202108261754] AndroidManifest.xml:22:5-24:38
27        android:name="android.permission.ACCESS_NOTIFICATION_POLICY"
27-->[app.notifee:core:202108261754] AndroidManifest.xml:23:9-69
28        android:minSdkVersion="23" />
28-->[app.notifee:core:202108261754] AndroidManifest.xml:24:9-35
29
30    <application
30-->src\main\AndroidManifest.xml:9:5-28:19
31        android:name="com.phoneapp.MainApplication"
31-->src\main\AndroidManifest.xml:10:7-38
32        android:allowBackup="false"
32-->src\main\AndroidManifest.xml:14:7-34
33        android:appComponentFactory="androidx.core.app.CoreComponentFactory"
33-->[androidx.core:core:1.7.0] AndroidManifest.xml:24:18-86
34        android:icon="@mipmap/ic_launcher"
34-->src\main\AndroidManifest.xml:12:7-41
35        android:label="@string/app_name"
35-->src\main\AndroidManifest.xml:11:7-39
36        android:roundIcon="@mipmap/ic_launcher_round"
36-->src\main\AndroidManifest.xml:13:7-52
37        android:theme="@style/AppTheme" >
37-->src\main\AndroidManifest.xml:15:7-38
38        <activity
38-->src\main\AndroidManifest.xml:16:7-27:18
39            android:name="com.phoneapp.MainActivity"
39-->src\main\AndroidManifest.xml:17:9-37
40            android:configChanges="keyboard|keyboardHidden|orientation|screenLayout|screenSize|smallestScreenSize|uiMode"
40-->src\main\AndroidManifest.xml:19:9-118
41            android:exported="true"
41-->src\main\AndroidManifest.xml:22:9-32
42            android:label="@string/app_name"
42-->src\main\AndroidManifest.xml:18:9-41
43            android:launchMode="singleTask"
43-->src\main\AndroidManifest.xml:20:9-40
44            android:windowSoftInputMode="adjustResize" >
44-->src\main\AndroidManifest.xml:21:9-51
45            <intent-filter>
45-->src\main\AndroidManifest.xml:23:9-26:25
46                <action android:name="android.intent.action.MAIN" />
46-->src\main\AndroidManifest.xml:24:13-65
46-->src\main\AndroidManifest.xml:24:21-62
47
48                <category android:name="android.intent.category.LAUNCHER" />
48-->src\main\AndroidManifest.xml:25:13-73
48-->src\main\AndroidManifest.xml:25:23-70
49            </intent-filter>
50        </activity>
51
52        <meta-data
52-->[:react-native-firebase_app] AndroidManifest.xml:11:9-13:36
53            android:name="app_data_collection_default_enabled"
53-->[:react-native-firebase_app] AndroidManifest.xml:12:13-63
54            android:value="true" />
54-->[:react-native-firebase_app] AndroidManifest.xml:13:13-33
55
56        <service
56-->[:react-native-firebase_app] AndroidManifest.xml:15:9-23:19
57            android:name="com.google.firebase.components.ComponentDiscoveryService"
57-->[:react-native-firebase_app] AndroidManifest.xml:16:13-84
58            android:directBootAware="true"
58-->[:react-native-firebase_app] AndroidManifest.xml:17:13-43
59            android:exported="false" >
59-->[:react-native-firebase_app] AndroidManifest.xml:18:13-37
60            <meta-data
60-->[:react-native-firebase_app] AndroidManifest.xml:20:13-22:85
61                android:name="com.google.firebase.components:io.invertase.firebase.app.ReactNativeFirebaseAppRegistrar"
61-->[:react-native-firebase_app] AndroidManifest.xml:21:17-120
62                android:value="com.google.firebase.components.ComponentRegistrar" />
62-->[:react-native-firebase_app] AndroidManifest.xml:22:17-82
63            <meta-data
63-->[com.google.firebase:firebase-auth:21.1.0] AndroidManifest.xml:67:13-69:85
64                android:name="com.google.firebase.components:com.google.firebase.auth.FirebaseAuthRegistrar"
64-->[com.google.firebase:firebase-auth:21.1.0] AndroidManifest.xml:68:17-109
65                android:value="com.google.firebase.components.ComponentRegistrar" />
65-->[com.google.firebase:firebase-auth:21.1.0] AndroidManifest.xml:69:17-82
66            <meta-data
66-->[com.google.firebase:firebase-database:20.1.0] AndroidManifest.xml:31:13-33:85
67                android:name="com.google.firebase.components:com.google.firebase.database.DatabaseRegistrar"
67-->[com.google.firebase:firebase-database:20.1.0] AndroidManifest.xml:32:17-109
68                android:value="com.google.firebase.components.ComponentRegistrar" />
68-->[com.google.firebase:firebase-database:20.1.0] AndroidManifest.xml:33:17-82
69            <meta-data
69-->[com.google.firebase:firebase-firestore:24.4.2] AndroidManifest.xml:19:13-21:85
70                android:name="com.google.firebase.components:com.google.firebase.firestore.FirestoreRegistrar"
70-->[com.google.firebase:firebase-firestore:24.4.2] AndroidManifest.xml:20:17-111
71                android:value="com.google.firebase.components.ComponentRegistrar" />
71-->[com.google.firebase:firebase-firestore:24.4.2] AndroidManifest.xml:21:17-82
72        </service>
73
74        <provider
74-->[:react-native-firebase_app] AndroidManifest.xml:25:9-29:38
75            android:name="io.invertase.firebase.app.ReactNativeFirebaseAppInitProvider"
75-->[:react-native-firebase_app] AndroidManifest.xml:26:13-88
76            android:authorities="com.phoneapp.reactnativefirebaseappinitprovider"
76-->[:react-native-firebase_app] AndroidManifest.xml:27:13-86
77            android:exported="false"
77-->[:react-native-firebase_app] AndroidManifest.xml:28:13-37
78            android:initOrder="99" />
78-->[:react-native-firebase_app] AndroidManifest.xml:29:13-35
79
80        <activity
80-->[com.google.firebase:firebase-auth:21.1.0] AndroidManifest.xml:27:9-44:20
81            android:name="com.google.firebase.auth.internal.GenericIdpActivity"
81-->[com.google.firebase:firebase-auth:21.1.0] AndroidManifest.xml:28:13-80
82            android:excludeFromRecents="true"
82-->[com.google.firebase:firebase-auth:21.1.0] AndroidManifest.xml:29:13-46
83            android:exported="true"
83-->[com.google.firebase:firebase-auth:21.1.0] AndroidManifest.xml:30:13-36
84            android:launchMode="singleTask"
84-->[com.google.firebase:firebase-auth:21.1.0] AndroidManifest.xml:31:13-44
85            android:theme="@android:style/Theme.Translucent.NoTitleBar" >
85-->[com.google.firebase:firebase-auth:21.1.0] AndroidManifest.xml:32:13-72
86            <intent-filter>
86-->[com.google.firebase:firebase-auth:21.1.0] AndroidManifest.xml:33:13-43:29
87                <action android:name="android.intent.action.VIEW" />
87-->[com.google.firebase:firebase-auth:21.1.0] AndroidManifest.xml:34:17-69
87-->[com.google.firebase:firebase-auth:21.1.0] AndroidManifest.xml:34:25-66
88
89                <category android:name="android.intent.category.DEFAULT" />
89-->[com.google.firebase:firebase-auth:21.1.0] AndroidManifest.xml:36:17-76
89-->[com.google.firebase:firebase-auth:21.1.0] AndroidManifest.xml:36:27-73
90                <category android:name="android.intent.category.BROWSABLE" />
90-->[com.google.firebase:firebase-auth:21.1.0] AndroidManifest.xml:37:17-78
90-->[com.google.firebase:firebase-auth:21.1.0] AndroidManifest.xml:37:27-75
91
92                <data
92-->[com.google.firebase:firebase-auth:21.1.0] AndroidManifest.xml:39:17-42:51
93                    android:host="firebase.auth"
93-->[com.google.firebase:firebase-auth:21.1.0] AndroidManifest.xml:40:21-49
94                    android:path="/"
94-->[com.google.firebase:firebase-auth:21.1.0] AndroidManifest.xml:41:21-37
95                    android:scheme="genericidp" />
95-->[com.google.firebase:firebase-auth:21.1.0] AndroidManifest.xml:42:21-48
96            </intent-filter>
97        </activity>
98        <activity
98-->[com.google.firebase:firebase-auth:21.1.0] AndroidManifest.xml:45:9-62:20
99            android:name="com.google.firebase.auth.internal.RecaptchaActivity"
99-->[com.google.firebase:firebase-auth:21.1.0] AndroidManifest.xml:46:13-79
100            android:excludeFromRecents="true"
100-->[com.google.firebase:firebase-auth:21.1.0] AndroidManifest.xml:47:13-46
101            android:exported="true"
101-->[com.google.firebase:firebase-auth:21.1.0] AndroidManifest.xml:48:13-36
102            android:launchMode="singleTask"
102-->[com.google.firebase:firebase-auth:21.1.0] AndroidManifest.xml:49:13-44
103            android:theme="@android:style/Theme.Translucent.NoTitleBar" >
103-->[com.google.firebase:firebase-auth:21.1.0] AndroidManifest.xml:50:13-72
104            <intent-filter>
104-->[com.google.firebase:firebase-auth:21.1.0] AndroidManifest.xml:51:13-61:29
105                <action android:name="android.intent.action.VIEW" />
105-->[com.google.firebase:firebase-auth:21.1.0] AndroidManifest.xml:34:17-69
105-->[com.google.firebase:firebase-auth:21.1.0] AndroidManifest.xml:34:25-66
106
107                <category android:name="android.intent.category.DEFAULT" />
107-->[com.google.firebase:firebase-auth:21.1.0] AndroidManifest.xml:36:17-76
107-->[com.google.firebase:firebase-auth:21.1.0] AndroidManifest.xml:36:27-73
108                <category android:name="android.intent.category.BROWSABLE" />
108-->[com.google.firebase:firebase-auth:21.1.0] AndroidManifest.xml:37:17-78
108-->[com.google.firebase:firebase-auth:21.1.0] AndroidManifest.xml:37:27-75
109
110                <data
110-->[com.google.firebase:firebase-auth:21.1.0] AndroidManifest.xml:39:17-42:51
111                    android:host="firebase.auth"
111-->[com.google.firebase:firebase-auth:21.1.0] AndroidManifest.xml:40:21-49
112                    android:path="/"
112-->[com.google.firebase:firebase-auth:21.1.0] AndroidManifest.xml:41:21-37
113                    android:scheme="recaptcha" />
113-->[com.google.firebase:firebase-auth:21.1.0] AndroidManifest.xml:42:21-48
114            </intent-filter>
115        </activity>
116
117        <provider
117-->[:notifee_react-native] AndroidManifest.xml:10:9-14:40
118            android:name="io.invertase.notifee.NotifeeInitProvider"
118-->[:notifee_react-native] AndroidManifest.xml:11:13-68
119            android:authorities="com.phoneapp.notifee-init-provider"
119-->[:notifee_react-native] AndroidManifest.xml:12:13-73
120            android:exported="false"
120-->[:notifee_react-native] AndroidManifest.xml:13:13-37
121            android:initOrder="-100" />
121-->[:notifee_react-native] AndroidManifest.xml:14:13-37
122        <provider
122-->[androidx.work:work-runtime:2.7.1] AndroidManifest.xml:31:9-39:20
123            android:name="androidx.startup.InitializationProvider"
123-->[androidx.work:work-runtime:2.7.1] AndroidManifest.xml:32:13-67
124            android:authorities="com.phoneapp.androidx-startup"
124-->[androidx.work:work-runtime:2.7.1] AndroidManifest.xml:33:13-68
125            android:exported="false" >
125-->[androidx.work:work-runtime:2.7.1] AndroidManifest.xml:34:13-37
126            <meta-data
126-->[androidx.work:work-runtime:2.7.1] AndroidManifest.xml:36:13-38:52
127                android:name="androidx.work.WorkManagerInitializer"
127-->[androidx.work:work-runtime:2.7.1] AndroidManifest.xml:37:17-68
128                android:value="androidx.startup" />
128-->[androidx.work:work-runtime:2.7.1] AndroidManifest.xml:38:17-49
129            <meta-data
129-->[androidx.emoji2:emoji2:1.0.0] AndroidManifest.xml:31:13-33:52
130                android:name="androidx.emoji2.text.EmojiCompatInitializer"
130-->[androidx.emoji2:emoji2:1.0.0] AndroidManifest.xml:32:17-75
131                android:value="androidx.startup" />
131-->[androidx.emoji2:emoji2:1.0.0] AndroidManifest.xml:33:17-49
132            <meta-data
132-->[androidx.lifecycle:lifecycle-process:2.4.0] AndroidManifest.xml:31:13-33:52
133                android:name="androidx.lifecycle.ProcessLifecycleInitializer"
133-->[androidx.lifecycle:lifecycle-process:2.4.0] AndroidManifest.xml:32:17-78
134                android:value="androidx.startup" />
134-->[androidx.lifecycle:lifecycle-process:2.4.0] AndroidManifest.xml:33:17-49
135        </provider>
136
137        <service
137-->[androidx.work:work-runtime:2.7.1] AndroidManifest.xml:41:9-46:35
138            android:name="androidx.work.impl.background.systemalarm.SystemAlarmService"
138-->[androidx.work:work-runtime:2.7.1] AndroidManifest.xml:42:13-88
139            android:directBootAware="false"
139-->[androidx.work:work-runtime:2.7.1] AndroidManifest.xml:43:13-44
140            android:enabled="@bool/enable_system_alarm_service_default"
140-->[androidx.work:work-runtime:2.7.1] AndroidManifest.xml:44:13-72
141            android:exported="false" />
141-->[androidx.work:work-runtime:2.7.1] AndroidManifest.xml:45:13-37
142        <service
142-->[androidx.work:work-runtime:2.7.1] AndroidManifest.xml:47:9-53:35
143            android:name="androidx.work.impl.background.systemjob.SystemJobService"
143-->[androidx.work:work-runtime:2.7.1] AndroidManifest.xml:48:13-84
144            android:directBootAware="false"
144-->[androidx.work:work-runtime:2.7.1] AndroidManifest.xml:49:13-44
145            android:enabled="@bool/enable_system_job_service_default"
145-->[androidx.work:work-runtime:2.7.1] AndroidManifest.xml:50:13-70
146            android:exported="true"
146-->[androidx.work:work-runtime:2.7.1] AndroidManifest.xml:51:13-36
147            android:permission="android.permission.BIND_JOB_SERVICE" />
147-->[androidx.work:work-runtime:2.7.1] AndroidManifest.xml:52:13-69
148        <service
148-->[androidx.work:work-runtime:2.7.1] AndroidManifest.xml:54:9-59:35
149            android:name="androidx.work.impl.foreground.SystemForegroundService"
149-->[androidx.work:work-runtime:2.7.1] AndroidManifest.xml:55:13-81
150            android:directBootAware="false"
150-->[androidx.work:work-runtime:2.7.1] AndroidManifest.xml:56:13-44
151            android:enabled="@bool/enable_system_foreground_service_default"
151-->[androidx.work:work-runtime:2.7.1] AndroidManifest.xml:57:13-77
152            android:exported="false" />
152-->[androidx.work:work-runtime:2.7.1] AndroidManifest.xml:58:13-37
153
154        <receiver
154-->[androidx.work:work-runtime:2.7.1] AndroidManifest.xml:61:9-66:35
155            android:name="androidx.work.impl.utils.ForceStopRunnable$BroadcastReceiver"
155-->[androidx.work:work-runtime:2.7.1] AndroidManifest.xml:62:13-88
156            android:directBootAware="false"
156-->[androidx.work:work-runtime:2.7.1] AndroidManifest.xml:63:13-44
157            android:enabled="true"
157-->[androidx.work:work-runtime:2.7.1] AndroidManifest.xml:64:13-35
158            android:exported="false" />
158-->[androidx.work:work-runtime:2.7.1] AndroidManifest.xml:65:13-37
159        <receiver
159-->[androidx.work:work-runtime:2.7.1] AndroidManifest.xml:67:9-77:20
160            android:name="androidx.work.impl.background.systemalarm.ConstraintProxy$BatteryChargingProxy"
160-->[androidx.work:work-runtime:2.7.1] AndroidManifest.xml:68:13-106
161            android:directBootAware="false"
161-->[androidx.work:work-runtime:2.7.1] AndroidManifest.xml:69:13-44
162            android:enabled="false"
162-->[androidx.work:work-runtime:2.7.1] AndroidManifest.xml:70:13-36
163            android:exported="false" >
163-->[androidx.work:work-runtime:2.7.1] AndroidManifest.xml:71:13-37
164            <intent-filter>
164-->[androidx.work:work-runtime:2.7.1] AndroidManifest.xml:73:13-76:29
165                <action android:name="android.intent.action.ACTION_POWER_CONNECTED" />
165-->[androidx.work:work-runtime:2.7.1] AndroidManifest.xml:74:17-87
165-->[androidx.work:work-runtime:2.7.1] AndroidManifest.xml:74:25-84
166                <action android:name="android.intent.action.ACTION_POWER_DISCONNECTED" />
166-->[androidx.work:work-runtime:2.7.1] AndroidManifest.xml:75:17-90
166-->[androidx.work:work-runtime:2.7.1] AndroidManifest.xml:75:25-87
167            </intent-filter>
168        </receiver>
169        <receiver
169-->[androidx.work:work-runtime:2.7.1] AndroidManifest.xml:78:9-88:20
170            android:name="androidx.work.impl.background.systemalarm.ConstraintProxy$BatteryNotLowProxy"
170-->[androidx.work:work-runtime:2.7.1] AndroidManifest.xml:79:13-104
171            android:directBootAware="false"
171-->[androidx.work:work-runtime:2.7.1] AndroidManifest.xml:80:13-44
172            android:enabled="false"
172-->[androidx.work:work-runtime:2.7.1] AndroidManifest.xml:81:13-36
173            android:exported="false" >
173-->[androidx.work:work-runtime:2.7.1] AndroidManifest.xml:82:13-37
174            <intent-filter>
174-->[androidx.work:work-runtime:2.7.1] AndroidManifest.xml:84:13-87:29
175                <action android:name="android.intent.action.BATTERY_OKAY" />
175-->[androidx.work:work-runtime:2.7.1] AndroidManifest.xml:85:17-77
175-->[androidx.work:work-runtime:2.7.1] AndroidManifest.xml:85:25-74
176                <action android:name="android.intent.action.BATTERY_LOW" />
176-->[androidx.work:work-runtime:2.7.1] AndroidManifest.xml:86:17-76
176-->[androidx.work:work-runtime:2.7.1] AndroidManifest.xml:86:25-73
177            </intent-filter>
178        </receiver>
179        <receiver
179-->[androidx.work:work-runtime:2.7.1] AndroidManifest.xml:89:9-99:20
180            android:name="androidx.work.impl.background.systemalarm.ConstraintProxy$StorageNotLowProxy"
180-->[androidx.work:work-runtime:2.7.1] AndroidManifest.xml:90:13-104
181            android:directBootAware="false"
181-->[androidx.work:work-runtime:2.7.1] AndroidManifest.xml:91:13-44
182            android:enabled="false"
182-->[androidx.work:work-runtime:2.7.1] AndroidManifest.xml:92:13-36
183            android:exported="false" >
183-->[androidx.work:work-runtime:2.7.1] AndroidManifest.xml:93:13-37
184            <intent-filter>
184-->[androidx.work:work-runtime:2.7.1] AndroidManifest.xml:95:13-98:29
185                <action android:name="android.intent.action.DEVICE_STORAGE_LOW" />
185-->[androidx.work:work-runtime:2.7.1] AndroidManifest.xml:96:17-83
185-->[androidx.work:work-runtime:2.7.1] AndroidManifest.xml:96:25-80
186                <action android:name="android.intent.action.DEVICE_STORAGE_OK" />
186-->[androidx.work:work-runtime:2.7.1] AndroidManifest.xml:97:17-82
186-->[androidx.work:work-runtime:2.7.1] AndroidManifest.xml:97:25-79
187            </intent-filter>
188        </receiver>
189        <receiver
189-->[androidx.work:work-runtime:2.7.1] AndroidManifest.xml:100:9-109:20
190            android:name="androidx.work.impl.background.systemalarm.ConstraintProxy$NetworkStateProxy"
190-->[androidx.work:work-runtime:2.7.1] AndroidManifest.xml:101:13-103
191            android:directBootAware="false"
191-->[androidx.work:work-runtime:2.7.1] AndroidManifest.xml:102:13-44
192            android:enabled="false"
192-->[androidx.work:work-runtime:2.7.1] AndroidManifest.xml:103:13-36
193            android:exported="false" >
193-->[androidx.work:work-runtime:2.7.1] AndroidManifest.xml:104:13-37
194            <intent-filter>
194-->[androidx.work:work-runtime:2.7.1] AndroidManifest.xml:106:13-108:29
195                <action android:name="android.net.conn.CONNECTIVITY_CHANGE" />
195-->[androidx.work:work-runtime:2.7.1] AndroidManifest.xml:107:17-79
195-->[androidx.work:work-runtime:2.7.1] AndroidManifest.xml:107:25-76
196            </intent-filter>
197        </receiver>
198        <receiver
198-->[androidx.work:work-runtime:2.7.1] AndroidManifest.xml:110:9-121:20
199            android:name="androidx.work.impl.background.systemalarm.RescheduleReceiver"
199-->[androidx.work:work-runtime:2.7.1] AndroidManifest.xml:111:13-88
200            android:directBootAware="false"
200-->[androidx.work:work-runtime:2.7.1] AndroidManifest.xml:112:13-44
201            android:enabled="false"
201-->[androidx.work:work-runtime:2.7.1] AndroidManifest.xml:113:13-36
202            android:exported="false" >
202-->[androidx.work:work-runtime:2.7.1] AndroidManifest.xml:114:13-37
203            <intent-filter>
203-->[androidx.work:work-runtime:2.7.1] AndroidManifest.xml:116:13-120:29
204                <action android:name="android.intent.action.BOOT_COMPLETED" />
204-->[androidx.work:work-runtime:2.7.1] AndroidManifest.xml:117:17-79
204-->[androidx.work:work-runtime:2.7.1] AndroidManifest.xml:117:25-76
205                <action android:name="android.intent.action.TIME_SET" />
205-->[androidx.work:work-runtime:2.7.1] AndroidManifest.xml:118:17-73
205-->[androidx.work:work-runtime:2.7.1] AndroidManifest.xml:118:25-70
206                <action android:name="android.intent.action.TIMEZONE_CHANGED" />
206-->[androidx.work:work-runtime:2.7.1] AndroidManifest.xml:119:17-81
206-->[androidx.work:work-runtime:2.7.1] AndroidManifest.xml:119:25-78
207            </intent-filter>
208        </receiver>
209        <receiver
209-->[androidx.work:work-runtime:2.7.1] AndroidManifest.xml:122:9-131:20
210            android:name="androidx.work.impl.background.systemalarm.ConstraintProxyUpdateReceiver"
210-->[androidx.work:work-runtime:2.7.1] AndroidManifest.xml:123:13-99
211            android:directBootAware="false"
211-->[androidx.work:work-runtime:2.7.1] AndroidManifest.xml:124:13-44
212            android:enabled="@bool/enable_system_alarm_service_default"
212-->[androidx.work:work-runtime:2.7.1] AndroidManifest.xml:125:13-72
213            android:exported="false" >
213-->[androidx.work:work-runtime:2.7.1] AndroidManifest.xml:126:13-37
214            <intent-filter>
214-->[androidx.work:work-runtime:2.7.1] AndroidManifest.xml:128:13-130:29
215                <action android:name="androidx.work.impl.background.systemalarm.UpdateProxies" />
215-->[androidx.work:work-runtime:2.7.1] AndroidManifest.xml:129:17-98
215-->[androidx.work:work-runtime:2.7.1] AndroidManifest.xml:129:25-95
216            </intent-filter>
217        </receiver>
218        <receiver
218-->[androidx.work:work-runtime:2.7.1] AndroidManifest.xml:132:9-142:20
219            android:name="androidx.work.impl.diagnostics.DiagnosticsReceiver"
219-->[androidx.work:work-runtime:2.7.1] AndroidManifest.xml:133:13-78
220            android:directBootAware="false"
220-->[androidx.work:work-runtime:2.7.1] AndroidManifest.xml:134:13-44
221            android:enabled="true"
221-->[androidx.work:work-runtime:2.7.1] AndroidManifest.xml:135:13-35
222            android:exported="true"
222-->[androidx.work:work-runtime:2.7.1] AndroidManifest.xml:136:13-36
223            android:permission="android.permission.DUMP" >
223-->[androidx.work:work-runtime:2.7.1] AndroidManifest.xml:137:13-57
224            <intent-filter>
224-->[androidx.work:work-runtime:2.7.1] AndroidManifest.xml:139:13-141:29
225                <action android:name="androidx.work.diagnostics.REQUEST_DIAGNOSTICS" />
225-->[androidx.work:work-runtime:2.7.1] AndroidManifest.xml:140:17-88
225-->[androidx.work:work-runtime:2.7.1] AndroidManifest.xml:140:25-85
226            </intent-filter>
227        </receiver>
228
229        <provider
229-->[com.google.firebase:firebase-common:20.3.0] AndroidManifest.xml:25:9-30:39
230            android:name="com.google.firebase.provider.FirebaseInitProvider"
230-->[com.google.firebase:firebase-common:20.3.0] AndroidManifest.xml:26:13-77
231            android:authorities="com.phoneapp.firebaseinitprovider"
231-->[com.google.firebase:firebase-common:20.3.0] AndroidManifest.xml:27:13-72
232            android:directBootAware="true"
232-->[com.google.firebase:firebase-common:20.3.0] AndroidManifest.xml:28:13-43
233            android:exported="false"
233-->[com.google.firebase:firebase-common:20.3.0] AndroidManifest.xml:29:13-37
234            android:initOrder="100" />
234-->[com.google.firebase:firebase-common:20.3.0] AndroidManifest.xml:30:13-36
235
236        <activity
236-->[com.google.android.gms:play-services-auth:20.3.0] AndroidManifest.xml:23:9-27:75
237            android:name="com.google.android.gms.auth.api.signin.internal.SignInHubActivity"
237-->[com.google.android.gms:play-services-auth:20.3.0] AndroidManifest.xml:24:13-93
238            android:excludeFromRecents="true"
238-->[com.google.android.gms:play-services-auth:20.3.0] AndroidManifest.xml:25:13-46
239            android:exported="false"
239-->[com.google.android.gms:play-services-auth:20.3.0] AndroidManifest.xml:26:13-37
240            android:theme="@android:style/Theme.Translucent.NoTitleBar" />
240-->[com.google.android.gms:play-services-auth:20.3.0] AndroidManifest.xml:27:13-72
241        <!--
242            Service handling Google Sign-In user revocation. For apps that do not integrate with
243            Google Sign-In, this service will never be started.
244        -->
245        <service
245-->[com.google.android.gms:play-services-auth:20.3.0] AndroidManifest.xml:33:9-37:51
246            android:name="com.google.android.gms.auth.api.signin.RevocationBoundService"
246-->[com.google.android.gms:play-services-auth:20.3.0] AndroidManifest.xml:34:13-89
247            android:exported="true"
247-->[com.google.android.gms:play-services-auth:20.3.0] AndroidManifest.xml:35:13-36
248            android:permission="com.google.android.gms.auth.api.signin.permission.REVOCATION_NOTIFICATION"
248-->[com.google.android.gms:play-services-auth:20.3.0] AndroidManifest.xml:36:13-107
249            android:visibleToInstantApps="true" />
249-->[com.google.android.gms:play-services-auth:20.3.0] AndroidManifest.xml:37:13-48
250
251        <activity
251-->[com.google.android.gms:play-services-base:18.0.1] AndroidManifest.xml:20:9-22:45
252            android:name="com.google.android.gms.common.api.GoogleApiActivity"
252-->[com.google.android.gms:play-services-base:18.0.1] AndroidManifest.xml:20:19-85
253            android:exported="false"
253-->[com.google.android.gms:play-services-base:18.0.1] AndroidManifest.xml:22:19-43
254            android:theme="@android:style/Theme.Translucent.NoTitleBar" />
254-->[com.google.android.gms:play-services-base:18.0.1] AndroidManifest.xml:21:19-78
255
256        <meta-data
256-->[com.google.android.gms:play-services-basement:18.1.0] AndroidManifest.xml:21:9-23:69
257            android:name="com.google.android.gms.version"
257-->[com.google.android.gms:play-services-basement:18.1.0] AndroidManifest.xml:22:13-58
258            android:value="@integer/google_play_services_version" />
258-->[com.google.android.gms:play-services-basement:18.1.0] AndroidManifest.xml:23:13-66
259
260        <service
260-->[androidx.room:room-runtime:2.2.5] AndroidManifest.xml:25:9-28:40
261            android:name="androidx.room.MultiInstanceInvalidationService"
261-->[androidx.room:room-runtime:2.2.5] AndroidManifest.xml:26:13-74
262            android:directBootAware="true"
262-->[androidx.room:room-runtime:2.2.5] AndroidManifest.xml:27:13-43
263            android:exported="false" /> <!-- Receiver Service -->
263-->[androidx.room:room-runtime:2.2.5] AndroidManifest.xml:28:13-37
264        <service
264-->[app.notifee:core:202108261754] AndroidManifest.xml:29:9-31:40
265            android:name="app.notifee.core.ReceiverService"